{"/home/igor/Documentos/clean code/cccat4_2/dist/src/application/usecase/PlaceOrder.js": {"path":"/home/igor/Documentos/clean code/cccat4_2/dist/src/application/usecase/PlaceOrder.js","statementMap":{"0":{"start":{"line":2,"column":22},"end":{"line":4,"column":1}},"1":{"start":{"line":3,"column":4},"end":{"line":3,"column":62}},"2":{"start":{"line":5,"column":0},"end":{"line":5,"column":62}},"3":{"start":{"line":6,"column":16},"end":{"line":6,"column":69}},"4":{"start":{"line":7,"column":27},"end":{"line":7,"column":73}},"5":{"start":{"line":10,"column":8},"end":{"line":10,"column":45}},"6":{"start":{"line":11,"column":8},"end":{"line":11,"column":47}},"7":{"start":{"line":12,"column":8},"end":{"line":12,"column":49}},"8":{"start":{"line":15,"column":22},"end":{"line":15,"column":64}},"9":{"start":{"line":16,"column":8},"end":{"line":21,"column":9}},"10":{"start":{"line":17,"column":25},"end":{"line":17,"column":77}},"11":{"start":{"line":18,"column":12},"end":{"line":19,"column":50}},"12":{"start":{"line":19,"column":16},"end":{"line":19,"column":50}},"13":{"start":{"line":20,"column":12},"end":{"line":20,"column":52}},"14":{"start":{"line":22,"column":8},"end":{"line":26,"column":9}},"15":{"start":{"line":23,"column":27},"end":{"line":23,"column":79}},"16":{"start":{"line":24,"column":12},"end":{"line":25,"column":40}},"17":{"start":{"line":25,"column":16},"end":{"line":25,"column":40}},"18":{"start":{"line":27,"column":8},"end":{"line":27,"column":47}},"19":{"start":{"line":28,"column":22},"end":{"line":28,"column":38}},"20":{"start":{"line":29,"column":23},"end":{"line":29,"column":60}},"21":{"start":{"line":30,"column":8},"end":{"line":30,"column":22}},"22":{"start":{"line":33,"column":0},"end":{"line":33,"column":29}}},"fnMap":{"0":{"name":"(anonymous_0)","decl":{"start":{"line":2,"column":56},"end":{"line":2,"column":57}},"loc":{"start":{"line":2,"column":71},"end":{"line":4,"column":1}},"line":2},"1":{"name":"(anonymous_1)","decl":{"start":{"line":9,"column":4},"end":{"line":9,"column":5}},"loc":{"start":{"line":9,"column":67},"end":{"line":13,"column":5}},"line":9},"2":{"name":"(anonymous_2)","decl":{"start":{"line":14,"column":4},"end":{"line":14,"column":5}},"loc":{"start":{"line":14,"column":25},"end":{"line":31,"column":5}},"line":14}},"branchMap":{"0":{"loc":{"start":{"line":2,"column":22},"end":{"line":4,"column":1}},"type":"binary-expr","locations":[{"start":{"line":2,"column":23},"end":{"line":2,"column":27}},{"start":{"line":2,"column":31},"end":{"line":2,"column":51}},{"start":{"line":2,"column":56},"end":{"line":4,"column":1}}],"line":2},"1":{"loc":{"start":{"line":3,"column":11},"end":{"line":3,"column":61}},"type":"cond-expr","locations":[{"start":{"line":3,"column":37},"end":{"line":3,"column":40}},{"start":{"line":3,"column":43},"end":{"line":3,"column":61}}],"line":3},"2":{"loc":{"start":{"line":3,"column":12},"end":{"line":3,"column":33}},"type":"binary-expr","locations":[{"start":{"line":3,"column":12},"end":{"line":3,"column":15}},{"start":{"line":3,"column":19},"end":{"line":3,"column":33}}],"line":3},"3":{"loc":{"start":{"line":18,"column":12},"end":{"line":19,"column":50}},"type":"if","locations":[{"start":{"line":18,"column":12},"end":{"line":19,"column":50}},{"start":{},"end":{}}],"line":18},"4":{"loc":{"start":{"line":22,"column":8},"end":{"line":26,"column":9}},"type":"if","locations":[{"start":{"line":22,"column":8},"end":{"line":26,"column":9}},{"start":{},"end":{}}],"line":22},"5":{"loc":{"start":{"line":24,"column":12},"end":{"line":25,"column":40}},"type":"if","locations":[{"start":{"line":24,"column":12},"end":{"line":25,"column":40}},{"start":{},"end":{}}],"line":24}},"s":{"0":1,"1":2,"2":1,"3":1,"4":1,"5":2,"6":2,"7":2,"8":2,"9":2,"10":6,"11":6,"12":0,"13":6,"14":2,"15":1,"16":1,"17":1,"18":2,"19":2,"20":2,"21":2,"22":1},"f":{"0":2,"1":2,"2":2},"b":{"0":[1,1,1],"1":[2,0],"2":[2,2],"3":[0,6],"4":[1,1],"5":[1,0]},"_coverageSchema":"1a1c01bbd47fc00a2c39e90264f33305004495a9","hash":"80bed41840f86ba6e4d8af7802ec436db14f2abb"}
,"/home/igor/Documentos/clean code/cccat4_2/dist/src/application/usecase/PlaceOrderOutput.js": {"path":"/home/igor/Documentos/clean code/cccat4_2/dist/src/application/usecase/PlaceOrderOutput.js","statementMap":{"0":{"start":{"line":2,"column":0},"end":{"line":2,"column":62}},"1":{"start":{"line":5,"column":8},"end":{"line":5,"column":27}},"2":{"start":{"line":8,"column":0},"end":{"line":8,"column":35}}},"fnMap":{"0":{"name":"(anonymous_0)","decl":{"start":{"line":4,"column":4},"end":{"line":4,"column":5}},"loc":{"start":{"line":4,"column":23},"end":{"line":6,"column":5}},"line":4}},"branchMap":{},"s":{"0":1,"1":2,"2":1},"f":{"0":2},"b":{},"_coverageSchema":"1a1c01bbd47fc00a2c39e90264f33305004495a9","hash":"8249fe84c94fa54deef52ccd4118be134e49ae60"}
,"/home/igor/Documentos/clean code/cccat4_2/dist/src/domain/entity/Coupon.js": {"path":"/home/igor/Documentos/clean code/cccat4_2/dist/src/domain/entity/Coupon.js","statementMap":{"0":{"start":{"line":2,"column":0},"end":{"line":2,"column":62}},"1":{"start":{"line":5,"column":8},"end":{"line":5,"column":25}},"2":{"start":{"line":6,"column":8},"end":{"line":6,"column":37}},"3":{"start":{"line":7,"column":8},"end":{"line":7,"column":37}},"4":{"start":{"line":10,"column":8},"end":{"line":11,"column":24}},"5":{"start":{"line":11,"column":12},"end":{"line":11,"column":24}},"6":{"start":{"line":12,"column":8},"end":{"line":12,"column":60}},"7":{"start":{"line":15,"column":8},"end":{"line":15,"column":36}},"8":{"start":{"line":18,"column":8},"end":{"line":19,"column":21}},"9":{"start":{"line":19,"column":12},"end":{"line":19,"column":21}},"10":{"start":{"line":20,"column":8},"end":{"line":20,"column":48}},"11":{"start":{"line":23,"column":0},"end":{"line":23,"column":25}}},"fnMap":{"0":{"name":"(anonymous_0)","decl":{"start":{"line":4,"column":4},"end":{"line":4,"column":5}},"loc":{"start":{"line":4,"column":46},"end":{"line":8,"column":5}},"line":4},"1":{"name":"(anonymous_1)","decl":{"start":{"line":9,"column":4},"end":{"line":9,"column":5}},"loc":{"start":{"line":9,"column":32},"end":{"line":13,"column":5}},"line":9},"2":{"name":"(anonymous_2)","decl":{"start":{"line":14,"column":4},"end":{"line":14,"column":5}},"loc":{"start":{"line":14,"column":34},"end":{"line":16,"column":5}},"line":14},"3":{"name":"(anonymous_3)","decl":{"start":{"line":17,"column":4},"end":{"line":17,"column":5}},"loc":{"start":{"line":17,"column":50},"end":{"line":21,"column":5}},"line":17}},"branchMap":{"0":{"loc":{"start":{"line":9,"column":12},"end":{"line":9,"column":30}},"type":"default-arg","locations":[{"start":{"line":9,"column":20},"end":{"line":9,"column":30}}],"line":9},"1":{"loc":{"start":{"line":10,"column":8},"end":{"line":11,"column":24}},"type":"if","locations":[{"start":{"line":10,"column":8},"end":{"line":11,"column":24}},{"start":{},"end":{}}],"line":10},"2":{"loc":{"start":{"line":14,"column":14},"end":{"line":14,"column":32}},"type":"default-arg","locations":[{"start":{"line":14,"column":22},"end":{"line":14,"column":32}}],"line":14},"3":{"loc":{"start":{"line":17,"column":30},"end":{"line":17,"column":48}},"type":"default-arg","locations":[{"start":{"line":17,"column":38},"end":{"line":17,"column":48}}],"line":17},"4":{"loc":{"start":{"line":18,"column":8},"end":{"line":19,"column":21}},"type":"if","locations":[{"start":{"line":18,"column":8},"end":{"line":19,"column":21}},{"start":{},"end":{}}],"line":18}},"s":{"0":3,"1":7,"2":7,"3":7,"4":8,"5":5,"6":3,"7":7,"8":3,"9":0,"10":3,"11":3},"f":{"0":7,"1":8,"2":7,"3":3},"b":{"0":[0],"1":[5,3],"2":[0],"3":[1],"4":[0,3]},"_coverageSchema":"1a1c01bbd47fc00a2c39e90264f33305004495a9","hash":"1103598d8504456e0df20a4f12d06ec747651eb3"}
,"/home/igor/Documentos/clean code/cccat4_2/dist/src/domain/entity/Cpf.js": {"path":"/home/igor/Documentos/clean code/cccat4_2/dist/src/domain/entity/Cpf.js","statementMap":{"0":{"start":{"line":2,"column":0},"end":{"line":2,"column":62}},"1":{"start":{"line":5,"column":8},"end":{"line":6,"column":43}},"2":{"start":{"line":6,"column":12},"end":{"line":6,"column":43}},"3":{"start":{"line":7,"column":8},"end":{"line":7,"column":27}},"4":{"start":{"line":10,"column":8},"end":{"line":11,"column":25}},"5":{"start":{"line":11,"column":12},"end":{"line":11,"column":25}},"6":{"start":{"line":12,"column":8},"end":{"line":12,"column":30}},"7":{"start":{"line":13,"column":8},"end":{"line":14,"column":25}},"8":{"start":{"line":14,"column":12},"end":{"line":14,"column":25}},"9":{"start":{"line":15,"column":8},"end":{"line":16,"column":25}},"10":{"start":{"line":16,"column":12},"end":{"line":16,"column":25}},"11":{"start":{"line":17,"column":23},"end":{"line":17,"column":51}},"12":{"start":{"line":18,"column":23},"end":{"line":18,"column":51}},"13":{"start":{"line":19,"column":32},"end":{"line":19,"column":52}},"14":{"start":{"line":20,"column":28},"end":{"line":20,"column":40}},"15":{"start":{"line":21,"column":8},"end":{"line":21,"column":47}},"16":{"start":{"line":24,"column":20},"end":{"line":24,"column":21}},"17":{"start":{"line":25,"column":8},"end":{"line":28,"column":9}},"18":{"start":{"line":26,"column":12},"end":{"line":27,"column":52}},"19":{"start":{"line":27,"column":16},"end":{"line":27,"column":52}},"20":{"start":{"line":29,"column":21},"end":{"line":29,"column":31}},"21":{"start":{"line":30,"column":8},"end":{"line":30,"column":42}},"22":{"start":{"line":33,"column":8},"end":{"line":33,"column":38}},"23":{"start":{"line":36,"column":8},"end":{"line":36,"column":33}},"24":{"start":{"line":39,"column":29},"end":{"line":39,"column":32}},"25":{"start":{"line":40,"column":8},"end":{"line":40,"column":61}},"26":{"start":{"line":40,"column":39},"end":{"line":40,"column":59}},"27":{"start":{"line":43,"column":0},"end":{"line":43,"column":22}}},"fnMap":{"0":{"name":"(anonymous_0)","decl":{"start":{"line":4,"column":4},"end":{"line":4,"column":5}},"loc":{"start":{"line":4,"column":23},"end":{"line":8,"column":5}},"line":4},"1":{"name":"(anonymous_1)","decl":{"start":{"line":9,"column":4},"end":{"line":9,"column":5}},"loc":{"start":{"line":9,"column":18},"end":{"line":22,"column":5}},"line":9},"2":{"name":"(anonymous_2)","decl":{"start":{"line":23,"column":4},"end":{"line":23,"column":5}},"loc":{"start":{"line":23,"column":32},"end":{"line":31,"column":5}},"line":23},"3":{"name":"(anonymous_3)","decl":{"start":{"line":32,"column":4},"end":{"line":32,"column":5}},"loc":{"start":{"line":32,"column":15},"end":{"line":34,"column":5}},"line":32},"4":{"name":"(anonymous_4)","decl":{"start":{"line":35,"column":4},"end":{"line":35,"column":5}},"loc":{"start":{"line":35,"column":26},"end":{"line":37,"column":5}},"line":35},"5":{"name":"(anonymous_5)","decl":{"start":{"line":38,"column":4},"end":{"line":38,"column":5}},"loc":{"start":{"line":38,"column":19},"end":{"line":41,"column":5}},"line":38},"6":{"name":"(anonymous_6)","decl":{"start":{"line":40,"column":30},"end":{"line":40,"column":31}},"loc":{"start":{"line":40,"column":39},"end":{"line":40,"column":59}},"line":40}},"branchMap":{"0":{"loc":{"start":{"line":5,"column":8},"end":{"line":6,"column":43}},"type":"if","locations":[{"start":{"line":5,"column":8},"end":{"line":6,"column":43}},{"start":{},"end":{}}],"line":5},"1":{"loc":{"start":{"line":10,"column":8},"end":{"line":11,"column":25}},"type":"if","locations":[{"start":{"line":10,"column":8},"end":{"line":11,"column":25}},{"start":{},"end":{}}],"line":10},"2":{"loc":{"start":{"line":13,"column":8},"end":{"line":14,"column":25}},"type":"if","locations":[{"start":{"line":13,"column":8},"end":{"line":14,"column":25}},{"start":{},"end":{}}],"line":13},"3":{"loc":{"start":{"line":15,"column":8},"end":{"line":16,"column":25}},"type":"if","locations":[{"start":{"line":15,"column":8},"end":{"line":16,"column":25}},{"start":{},"end":{}}],"line":15},"4":{"loc":{"start":{"line":26,"column":12},"end":{"line":27,"column":52}},"type":"if","locations":[{"start":{"line":26,"column":12},"end":{"line":27,"column":52}},{"start":{},"end":{}}],"line":26},"5":{"loc":{"start":{"line":30,"column":15},"end":{"line":30,"column":41}},"type":"cond-expr","locations":[{"start":{"line":30,"column":28},"end":{"line":30,"column":29}},{"start":{"line":30,"column":32},"end":{"line":30,"column":41}}],"line":30}},"s":{"0":3,"1":15,"2":5,"3":10,"4":15,"5":0,"6":15,"7":15,"8":2,"9":13,"10":2,"11":11,"12":11,"13":11,"14":11,"15":11,"16":22,"17":22,"18":242,"19":209,"20":22,"21":22,"22":15,"23":15,"24":13,"25":13,"26":44,"27":3},"f":{"0":15,"1":15,"2":22,"3":15,"4":15,"5":13,"6":44},"b":{"0":[5,10],"1":[0,15],"2":[2,13],"3":[2,11],"4":[209,33],"5":[11,11]},"_coverageSchema":"1a1c01bbd47fc00a2c39e90264f33305004495a9","hash":"ee8c1b4e36c2d0c75a8aeb1ca544e13052b7dd5d"}
,"/home/igor/Documentos/clean code/cccat4_2/dist/src/domain/entity/DefaultFreightCalculator.js": {"path":"/home/igor/Documentos/clean code/cccat4_2/dist/src/domain/entity/DefaultFreightCalculator.js","statementMap":{"0":{"start":{"line":2,"column":0},"end":{"line":2,"column":62}},"1":{"start":{"line":5,"column":8},"end":{"line":6,"column":21}},"2":{"start":{"line":6,"column":12},"end":{"line":6,"column":21}},"3":{"start":{"line":7,"column":25},"end":{"line":7,"column":76}},"4":{"start":{"line":8,"column":27},"end":{"line":8,"column":29}},"5":{"start":{"line":9,"column":8},"end":{"line":9,"column":45}},"6":{"start":{"line":12,"column":0},"end":{"line":12,"column":43}}},"fnMap":{"0":{"name":"(anonymous_0)","decl":{"start":{"line":4,"column":4},"end":{"line":4,"column":5}},"loc":{"start":{"line":4,"column":20},"end":{"line":10,"column":5}},"line":4}},"branchMap":{"0":{"loc":{"start":{"line":5,"column":8},"end":{"line":6,"column":21}},"type":"if","locations":[{"start":{"line":5,"column":8},"end":{"line":6,"column":21}},{"start":{},"end":{}}],"line":5},"1":{"loc":{"start":{"line":5,"column":12},"end":{"line":5,"column":71}},"type":"binary-expr","locations":[{"start":{"line":5,"column":12},"end":{"line":5,"column":23}},{"start":{"line":5,"column":27},"end":{"line":5,"column":39}},{"start":{"line":5,"column":43},"end":{"line":5,"column":55}},{"start":{"line":5,"column":59},"end":{"line":5,"column":71}}],"line":5}},"s":{"0":2,"1":18,"2":12,"3":6,"4":6,"5":6,"6":2},"f":{"0":18},"b":{"0":[12,6],"1":[18,6,6,6]},"_coverageSchema":"1a1c01bbd47fc00a2c39e90264f33305004495a9","hash":"4fb90767b9786e19dc2028b760aad3c18e24109f"}
,"/home/igor/Documentos/clean code/cccat4_2/dist/src/domain/entity/FixedFreightCalculator.js": {"path":"/home/igor/Documentos/clean code/cccat4_2/dist/src/domain/entity/FixedFreightCalculator.js","statementMap":{"0":{"start":{"line":2,"column":0},"end":{"line":2,"column":62}},"1":{"start":{"line":5,"column":8},"end":{"line":5,"column":18}},"2":{"start":{"line":8,"column":0},"end":{"line":8,"column":41}}},"fnMap":{"0":{"name":"(anonymous_0)","decl":{"start":{"line":4,"column":4},"end":{"line":4,"column":5}},"loc":{"start":{"line":4,"column":20},"end":{"line":6,"column":5}},"line":4}},"branchMap":{},"s":{"0":1,"1":6,"2":1},"f":{"0":6},"b":{},"_coverageSchema":"1a1c01bbd47fc00a2c39e90264f33305004495a9","hash":"7061abcd6da8526239f9cb0ea3c681ef873b283e"}
,"/home/igor/Documentos/clean code/cccat4_2/dist/src/domain/entity/Item.js": {"path":"/home/igor/Documentos/clean code/cccat4_2/dist/src/domain/entity/Item.js","statementMap":{"0":{"start":{"line":2,"column":0},"end":{"line":2,"column":62}},"1":{"start":{"line":5,"column":8},"end":{"line":5,"column":29}},"2":{"start":{"line":6,"column":8},"end":{"line":6,"column":33}},"3":{"start":{"line":7,"column":8},"end":{"line":7,"column":39}},"4":{"start":{"line":8,"column":8},"end":{"line":8,"column":27}},"5":{"start":{"line":9,"column":8},"end":{"line":9,"column":27}},"6":{"start":{"line":10,"column":8},"end":{"line":10,"column":29}},"7":{"start":{"line":11,"column":8},"end":{"line":11,"column":29}},"8":{"start":{"line":12,"column":8},"end":{"line":12,"column":29}},"9":{"start":{"line":15,"column":8},"end":{"line":15,"column":72}},"10":{"start":{"line":18,"column":8},"end":{"line":18,"column":46}},"11":{"start":{"line":21,"column":0},"end":{"line":21,"column":23}}},"fnMap":{"0":{"name":"(anonymous_0)","decl":{"start":{"line":4,"column":4},"end":{"line":4,"column":5}},"loc":{"start":{"line":4,"column":101},"end":{"line":13,"column":5}},"line":4},"1":{"name":"(anonymous_1)","decl":{"start":{"line":14,"column":4},"end":{"line":14,"column":5}},"loc":{"start":{"line":14,"column":16},"end":{"line":16,"column":5}},"line":14},"2":{"name":"(anonymous_2)","decl":{"start":{"line":17,"column":4},"end":{"line":17,"column":5}},"loc":{"start":{"line":17,"column":17},"end":{"line":19,"column":5}},"line":17}},"branchMap":{"0":{"loc":{"start":{"line":4,"column":54},"end":{"line":4,"column":63}},"type":"default-arg","locations":[{"start":{"line":4,"column":62},"end":{"line":4,"column":63}}],"line":4},"1":{"loc":{"start":{"line":4,"column":65},"end":{"line":4,"column":75}},"type":"default-arg","locations":[{"start":{"line":4,"column":74},"end":{"line":4,"column":75}}],"line":4},"2":{"loc":{"start":{"line":4,"column":77},"end":{"line":4,"column":87}},"type":"default-arg","locations":[{"start":{"line":4,"column":86},"end":{"line":4,"column":87}}],"line":4},"3":{"loc":{"start":{"line":4,"column":89},"end":{"line":4,"column":99}},"type":"default-arg","locations":[{"start":{"line":4,"column":98},"end":{"line":4,"column":99}}],"line":4}},"s":{"0":2,"1":30,"2":30,"3":30,"4":30,"5":30,"6":30,"7":30,"8":30,"9":12,"10":6,"11":2},"f":{"0":30,"1":12,"2":6},"b":{"0":[15],"1":[15],"2":[15],"3":[15]},"_coverageSchema":"1a1c01bbd47fc00a2c39e90264f33305004495a9","hash":"29d4958c7d069d3a22b11a81e935fddda4759e46"}
,"/home/igor/Documentos/clean code/cccat4_2/dist/src/domain/entity/Order.js": {"path":"/home/igor/Documentos/clean code/cccat4_2/dist/src/domain/entity/Order.js","statementMap":{"0":{"start":{"line":2,"column":22},"end":{"line":4,"column":1}},"1":{"start":{"line":3,"column":4},"end":{"line":3,"column":62}},"2":{"start":{"line":5,"column":0},"end":{"line":5,"column":62}},"3":{"start":{"line":6,"column":14},"end":{"line":6,"column":47}},"4":{"start":{"line":7,"column":35},"end":{"line":7,"column":89}},"5":{"start":{"line":8,"column":20},"end":{"line":8,"column":59}},"6":{"start":{"line":9,"column":20},"end":{"line":9,"column":59}},"7":{"start":{"line":12,"column":8},"end":{"line":12,"column":25}},"8":{"start":{"line":13,"column":8},"end":{"line":13,"column":51}},"9":{"start":{"line":14,"column":8},"end":{"line":14,"column":42}},"10":{"start":{"line":15,"column":8},"end":{"line":15,"column":29}},"11":{"start":{"line":16,"column":8},"end":{"line":16,"column":25}},"12":{"start":{"line":17,"column":8},"end":{"line":17,"column":60}},"13":{"start":{"line":20,"column":8},"end":{"line":20,"column":74}},"14":{"start":{"line":21,"column":8},"end":{"line":21,"column":89}},"15":{"start":{"line":24,"column":8},"end":{"line":25,"column":19}},"16":{"start":{"line":25,"column":12},"end":{"line":25,"column":19}},"17":{"start":{"line":26,"column":8},"end":{"line":26,"column":29}},"18":{"start":{"line":29,"column":8},"end":{"line":29,"column":28}},"19":{"start":{"line":32,"column":20},"end":{"line":32,"column":21}},"20":{"start":{"line":33,"column":8},"end":{"line":35,"column":9}},"21":{"start":{"line":34,"column":12},"end":{"line":34,"column":42}},"22":{"start":{"line":36,"column":8},"end":{"line":38,"column":9}},"23":{"start":{"line":37,"column":12},"end":{"line":37,"column":69}},"24":{"start":{"line":39,"column":8},"end":{"line":39,"column":35}},"25":{"start":{"line":40,"column":8},"end":{"line":40,"column":21}},"26":{"start":{"line":43,"column":0},"end":{"line":43,"column":24}}},"fnMap":{"0":{"name":"(anonymous_0)","decl":{"start":{"line":2,"column":56},"end":{"line":2,"column":57}},"loc":{"start":{"line":2,"column":71},"end":{"line":4,"column":1}},"line":2},"1":{"name":"(anonymous_1)","decl":{"start":{"line":11,"column":4},"end":{"line":11,"column":5}},"loc":{"start":{"line":11,"column":116},"end":{"line":18,"column":5}},"line":11},"2":{"name":"(anonymous_2)","decl":{"start":{"line":19,"column":4},"end":{"line":19,"column":5}},"loc":{"start":{"line":19,"column":28},"end":{"line":22,"column":5}},"line":19},"3":{"name":"(anonymous_3)","decl":{"start":{"line":23,"column":4},"end":{"line":23,"column":5}},"loc":{"start":{"line":23,"column":22},"end":{"line":27,"column":5}},"line":23},"4":{"name":"(anonymous_4)","decl":{"start":{"line":28,"column":4},"end":{"line":28,"column":5}},"loc":{"start":{"line":28,"column":17},"end":{"line":30,"column":5}},"line":28},"5":{"name":"(anonymous_5)","decl":{"start":{"line":31,"column":4},"end":{"line":31,"column":5}},"loc":{"start":{"line":31,"column":15},"end":{"line":41,"column":5}},"line":31}},"branchMap":{"0":{"loc":{"start":{"line":2,"column":22},"end":{"line":4,"column":1}},"type":"binary-expr","locations":[{"start":{"line":2,"column":23},"end":{"line":2,"column":27}},{"start":{"line":2,"column":31},"end":{"line":2,"column":51}},{"start":{"line":2,"column":56},"end":{"line":4,"column":1}}],"line":2},"1":{"loc":{"start":{"line":3,"column":11},"end":{"line":3,"column":61}},"type":"cond-expr","locations":[{"start":{"line":3,"column":37},"end":{"line":3,"column":40}},{"start":{"line":3,"column":43},"end":{"line":3,"column":61}}],"line":3},"2":{"loc":{"start":{"line":3,"column":12},"end":{"line":3,"column":33}},"type":"binary-expr","locations":[{"start":{"line":3,"column":12},"end":{"line":3,"column":15}},{"start":{"line":3,"column":19},"end":{"line":3,"column":33}}],"line":3},"3":{"loc":{"start":{"line":11,"column":21},"end":{"line":11,"column":38}},"type":"default-arg","locations":[{"start":{"line":11,"column":28},"end":{"line":11,"column":38}}],"line":11},"4":{"loc":{"start":{"line":11,"column":40},"end":{"line":11,"column":100}},"type":"default-arg","locations":[{"start":{"line":11,"column":60},"end":{"line":11,"column":100}}],"line":11},"5":{"loc":{"start":{"line":11,"column":102},"end":{"line":11,"column":114}},"type":"default-arg","locations":[{"start":{"line":11,"column":113},"end":{"line":11,"column":114}}],"line":11},"6":{"loc":{"start":{"line":24,"column":8},"end":{"line":25,"column":19}},"type":"if","locations":[{"start":{"line":24,"column":8},"end":{"line":25,"column":19}},{"start":{},"end":{}}],"line":24},"7":{"loc":{"start":{"line":36,"column":8},"end":{"line":38,"column":9}},"type":"if","locations":[{"start":{"line":36,"column":8},"end":{"line":38,"column":9}},{"start":{},"end":{}}],"line":36}},"s":{"0":2,"1":8,"2":2,"3":2,"4":2,"5":2,"6":2,"7":10,"8":10,"9":10,"10":9,"11":9,"12":9,"13":24,"14":24,"15":3,"16":1,"17":2,"18":8,"19":6,"20":6,"21":15,"22":6,"23":2,"24":6,"25":6,"26":2},"f":{"0":8,"1":10,"2":24,"3":3,"4":8,"5":6},"b":{"0":[2,2,2],"1":[8,0],"2":[8,8],"3":[4],"4":[7],"5":[10],"6":[1,2],"7":[2,4]},"_coverageSchema":"1a1c01bbd47fc00a2c39e90264f33305004495a9","hash":"b7148e043aac58a7a465f450c57fe2e59e6dea42"}
,"/home/igor/Documentos/clean code/cccat4_2/dist/src/domain/entity/OrderCode.js": {"path":"/home/igor/Documentos/clean code/cccat4_2/dist/src/domain/entity/OrderCode.js","statementMap":{"0":{"start":{"line":2,"column":0},"end":{"line":2,"column":62}},"1":{"start":{"line":5,"column":8},"end":{"line":5,"column":55}},"2":{"start":{"line":8,"column":21},"end":{"line":8,"column":39}},"3":{"start":{"line":9,"column":8},"end":{"line":9,"column":64}},"4":{"start":{"line":12,"column":0},"end":{"line":12,"column":28}}},"fnMap":{"0":{"name":"(anonymous_0)","decl":{"start":{"line":4,"column":4},"end":{"line":4,"column":5}},"loc":{"start":{"line":4,"column":32},"end":{"line":6,"column":5}},"line":4},"1":{"name":"(anonymous_1)","decl":{"start":{"line":7,"column":4},"end":{"line":7,"column":5}},"loc":{"start":{"line":7,"column":37},"end":{"line":10,"column":5}},"line":7}},"branchMap":{"0":{"loc":{"start":{"line":7,"column":23},"end":{"line":7,"column":35}},"type":"default-arg","locations":[{"start":{"line":7,"column":34},"end":{"line":7,"column":35}}],"line":7}},"s":{"0":3,"1":10,"2":10,"3":10,"4":3},"f":{"0":10,"1":10},"b":{"0":[0]},"_coverageSchema":"1a1c01bbd47fc00a2c39e90264f33305004495a9","hash":"94c24af4731ed1ccfee72475febbf4d6c3940393"}
,"/home/igor/Documentos/clean code/cccat4_2/dist/src/domain/entity/OrderItem.js": {"path":"/home/igor/Documentos/clean code/cccat4_2/dist/src/domain/entity/OrderItem.js","statementMap":{"0":{"start":{"line":2,"column":0},"end":{"line":2,"column":62}},"1":{"start":{"line":5,"column":8},"end":{"line":5,"column":29}},"2":{"start":{"line":6,"column":8},"end":{"line":6,"column":27}},"3":{"start":{"line":7,"column":8},"end":{"line":7,"column":33}},"4":{"start":{"line":10,"column":8},"end":{"line":10,"column":42}},"5":{"start":{"line":13,"column":0},"end":{"line":13,"column":28}}},"fnMap":{"0":{"name":"(anonymous_0)","decl":{"start":{"line":4,"column":4},"end":{"line":4,"column":5}},"loc":{"start":{"line":4,"column":41},"end":{"line":8,"column":5}},"line":4},"1":{"name":"(anonymous_1)","decl":{"start":{"line":9,"column":4},"end":{"line":9,"column":5}},"loc":{"start":{"line":9,"column":15},"end":{"line":11,"column":5}},"line":9}},"branchMap":{},"s":{"0":3,"1":25,"2":25,"3":25,"4":16,"5":3},"f":{"0":25,"1":16},"b":{},"_coverageSchema":"1a1c01bbd47fc00a2c39e90264f33305004495a9","hash":"36167f36633b132c047143cbbba11c81e86de561"}
,"/home/igor/Documentos/clean code/cccat4_2/dist/src/infra/repository/memory/CouponRepositoryMemory.js": {"path":"/home/igor/Documentos/clean code/cccat4_2/dist/src/infra/repository/memory/CouponRepositoryMemory.js","statementMap":{"0":{"start":{"line":2,"column":22},"end":{"line":4,"column":1}},"1":{"start":{"line":3,"column":4},"end":{"line":3,"column":62}},"2":{"start":{"line":5,"column":0},"end":{"line":5,"column":62}},"3":{"start":{"line":6,"column":17},"end":{"line":6,"column":74}},"4":{"start":{"line":9,"column":8},"end":{"line":11,"column":10}},"5":{"start":{"line":14,"column":8},"end":{"line":14,"column":82}},"6":{"start":{"line":14,"column":59},"end":{"line":14,"column":79}},"7":{"start":{"line":17,"column":0},"end":{"line":17,"column":41}}},"fnMap":{"0":{"name":"(anonymous_0)","decl":{"start":{"line":2,"column":56},"end":{"line":2,"column":57}},"loc":{"start":{"line":2,"column":71},"end":{"line":4,"column":1}},"line":2},"1":{"name":"(anonymous_1)","decl":{"start":{"line":8,"column":4},"end":{"line":8,"column":5}},"loc":{"start":{"line":8,"column":18},"end":{"line":12,"column":5}},"line":8},"2":{"name":"(anonymous_2)","decl":{"start":{"line":13,"column":4},"end":{"line":13,"column":5}},"loc":{"start":{"line":13,"column":21},"end":{"line":15,"column":5}},"line":13},"3":{"name":"(anonymous_3)","decl":{"start":{"line":14,"column":49},"end":{"line":14,"column":50}},"loc":{"start":{"line":14,"column":59},"end":{"line":14,"column":79}},"line":14}},"branchMap":{"0":{"loc":{"start":{"line":2,"column":22},"end":{"line":4,"column":1}},"type":"binary-expr","locations":[{"start":{"line":2,"column":23},"end":{"line":2,"column":27}},{"start":{"line":2,"column":31},"end":{"line":2,"column":51}},{"start":{"line":2,"column":56},"end":{"line":4,"column":1}}],"line":2},"1":{"loc":{"start":{"line":3,"column":11},"end":{"line":3,"column":61}},"type":"cond-expr","locations":[{"start":{"line":3,"column":37},"end":{"line":3,"column":40}},{"start":{"line":3,"column":43},"end":{"line":3,"column":61}}],"line":3},"2":{"loc":{"start":{"line":3,"column":12},"end":{"line":3,"column":33}},"type":"binary-expr","locations":[{"start":{"line":3,"column":12},"end":{"line":3,"column":15}},{"start":{"line":3,"column":19},"end":{"line":3,"column":33}}],"line":3}},"s":{"0":1,"1":1,"2":1,"3":1,"4":2,"5":1,"6":1,"7":1},"f":{"0":1,"1":2,"2":1,"3":1},"b":{"0":[1,1,1],"1":[1,0],"2":[1,1]},"_coverageSchema":"1a1c01bbd47fc00a2c39e90264f33305004495a9","hash":"ac18fc5f93d9c77438c3062927907aaaf05f1cd3"}
,"/home/igor/Documentos/clean code/cccat4_2/dist/src/infra/repository/memory/ItemRepositoryMemory.js": {"path":"/home/igor/Documentos/clean code/cccat4_2/dist/src/infra/repository/memory/ItemRepositoryMemory.js","statementMap":{"0":{"start":{"line":2,"column":22},"end":{"line":4,"column":1}},"1":{"start":{"line":3,"column":4},"end":{"line":3,"column":62}},"2":{"start":{"line":5,"column":0},"end":{"line":5,"column":62}},"3":{"start":{"line":6,"column":15},"end":{"line":6,"column":70}},"4":{"start":{"line":9,"column":8},"end":{"line":16,"column":10}},"5":{"start":{"line":19,"column":8},"end":{"line":19,"column":80}},"6":{"start":{"line":19,"column":55},"end":{"line":19,"column":77}},"7":{"start":{"line":22,"column":0},"end":{"line":22,"column":39}}},"fnMap":{"0":{"name":"(anonymous_0)","decl":{"start":{"line":2,"column":56},"end":{"line":2,"column":57}},"loc":{"start":{"line":2,"column":71},"end":{"line":4,"column":1}},"line":2},"1":{"name":"(anonymous_1)","decl":{"start":{"line":8,"column":4},"end":{"line":8,"column":5}},"loc":{"start":{"line":8,"column":18},"end":{"line":17,"column":5}},"line":8},"2":{"name":"(anonymous_2)","decl":{"start":{"line":18,"column":4},"end":{"line":18,"column":5}},"loc":{"start":{"line":18,"column":21},"end":{"line":20,"column":5}},"line":18},"3":{"name":"(anonymous_3)","decl":{"start":{"line":19,"column":47},"end":{"line":19,"column":48}},"loc":{"start":{"line":19,"column":55},"end":{"line":19,"column":77}},"line":19}},"branchMap":{"0":{"loc":{"start":{"line":2,"column":22},"end":{"line":4,"column":1}},"type":"binary-expr","locations":[{"start":{"line":2,"column":23},"end":{"line":2,"column":27}},{"start":{"line":2,"column":31},"end":{"line":2,"column":51}},{"start":{"line":2,"column":56},"end":{"line":4,"column":1}}],"line":2},"1":{"loc":{"start":{"line":3,"column":11},"end":{"line":3,"column":61}},"type":"cond-expr","locations":[{"start":{"line":3,"column":37},"end":{"line":3,"column":40}},{"start":{"line":3,"column":43},"end":{"line":3,"column":61}}],"line":3},"2":{"loc":{"start":{"line":3,"column":12},"end":{"line":3,"column":33}},"type":"binary-expr","locations":[{"start":{"line":3,"column":12},"end":{"line":3,"column":15}},{"start":{"line":3,"column":19},"end":{"line":3,"column":33}}],"line":3}},"s":{"0":1,"1":1,"2":1,"3":1,"4":2,"5":6,"6":21,"7":1},"f":{"0":1,"1":2,"2":6,"3":21},"b":{"0":[1,1,1],"1":[1,0],"2":[1,1]},"_coverageSchema":"1a1c01bbd47fc00a2c39e90264f33305004495a9","hash":"3370de3f7c860849967d02a932fb5f09b8a10b3a"}
,"/home/igor/Documentos/clean code/cccat4_2/dist/src/infra/repository/memory/OrderRepositoryMemory.js": {"path":"/home/igor/Documentos/clean code/cccat4_2/dist/src/infra/repository/memory/OrderRepositoryMemory.js","statementMap":{"0":{"start":{"line":2,"column":0},"end":{"line":2,"column":62}},"1":{"start":{"line":5,"column":8},"end":{"line":5,"column":25}},"2":{"start":{"line":8,"column":8},"end":{"line":8,"column":32}},"3":{"start":{"line":9,"column":8},"end":{"line":9,"column":33}},"4":{"start":{"line":12,"column":0},"end":{"line":12,"column":40}}},"fnMap":{"0":{"name":"(anonymous_0)","decl":{"start":{"line":4,"column":4},"end":{"line":4,"column":5}},"loc":{"start":{"line":4,"column":18},"end":{"line":6,"column":5}},"line":4},"1":{"name":"(anonymous_1)","decl":{"start":{"line":7,"column":4},"end":{"line":7,"column":5}},"loc":{"start":{"line":7,"column":16},"end":{"line":10,"column":5}},"line":7}},"branchMap":{},"s":{"0":1,"1":2,"2":2,"3":2,"4":1},"f":{"0":2,"1":2},"b":{},"_coverageSchema":"1a1c01bbd47fc00a2c39e90264f33305004495a9","hash":"8b1ba5663457404680365ab4f7e0271fa1f6a328"}
}
