TN:
SF:dist/src/application/usecase/PlaceOrder.js
FN:2,(anonymous_0)
FN:9,(anonymous_1)
FN:14,(anonymous_2)
FNF:3
FNH:3
FNDA:2,(anonymous_0)
FNDA:2,(anonymous_1)
FNDA:2,(anonymous_2)
DA:2,1
DA:3,2
DA:5,1
DA:6,1
DA:7,1
DA:10,2
DA:11,2
DA:12,2
DA:15,2
DA:16,2
DA:17,6
DA:18,6
DA:19,0
DA:20,6
DA:22,2
DA:23,1
DA:24,1
DA:25,1
DA:27,2
DA:28,2
DA:29,2
DA:30,2
DA:33,1
LF:23
LH:22
BRDA:2,0,0,1
BRDA:2,0,1,1
BRDA:2,0,2,1
BRDA:3,1,0,2
BRDA:3,1,1,0
BRDA:3,2,0,2
BRDA:3,2,1,2
BRDA:18,3,0,0
BRDA:18,3,1,6
BRDA:22,4,0,1
BRDA:22,4,1,1
BRDA:24,5,0,1
BRDA:24,5,1,0
BRF:13
BRH:10
end_of_record
TN:
SF:dist/src/application/usecase/PlaceOrderOutput.js
FN:4,(anonymous_0)
FNF:1
FNH:1
FNDA:2,(anonymous_0)
DA:2,1
DA:5,2
DA:8,1
LF:3
LH:3
BRF:0
BRH:0
end_of_record
TN:
SF:dist/src/domain/entity/Coupon.js
FN:4,(anonymous_0)
FN:9,(anonymous_1)
FN:14,(anonymous_2)
FN:17,(anonymous_3)
FNF:4
FNH:4
FNDA:7,(anonymous_0)
FNDA:8,(anonymous_1)
FNDA:7,(anonymous_2)
FNDA:3,(anonymous_3)
DA:2,3
DA:5,7
DA:6,7
DA:7,7
DA:10,8
DA:11,5
DA:12,3
DA:15,7
DA:18,3
DA:19,0
DA:20,3
DA:23,3
LF:12
LH:11
BRDA:9,0,0,0
BRDA:10,1,0,5
BRDA:10,1,1,3
BRDA:14,2,0,0
BRDA:17,3,0,1
BRDA:18,4,0,0
BRDA:18,4,1,3
BRF:7
BRH:4
end_of_record
TN:
SF:dist/src/domain/entity/Cpf.js
FN:4,(anonymous_0)
FN:9,(anonymous_1)
FN:23,(anonymous_2)
FN:32,(anonymous_3)
FN:35,(anonymous_4)
FN:38,(anonymous_5)
FN:40,(anonymous_6)
FNF:7
FNH:7
FNDA:15,(anonymous_0)
FNDA:15,(anonymous_1)
FNDA:22,(anonymous_2)
FNDA:15,(anonymous_3)
FNDA:15,(anonymous_4)
FNDA:13,(anonymous_5)
FNDA:44,(anonymous_6)
DA:2,3
DA:5,15
DA:6,5
DA:7,10
DA:10,15
DA:11,0
DA:12,15
DA:13,15
DA:14,2
DA:15,13
DA:16,2
DA:17,11
DA:18,11
DA:19,11
DA:20,11
DA:21,11
DA:24,22
DA:25,22
DA:26,242
DA:27,209
DA:29,22
DA:30,22
DA:33,15
DA:36,15
DA:39,13
DA:40,44
DA:43,3
LF:27
LH:26
BRDA:5,0,0,5
BRDA:5,0,1,10
BRDA:10,1,0,0
BRDA:10,1,1,15
BRDA:13,2,0,2
BRDA:13,2,1,13
BRDA:15,3,0,2
BRDA:15,3,1,11
BRDA:26,4,0,209
BRDA:26,4,1,33
BRDA:30,5,0,11
BRDA:30,5,1,11
BRF:12
BRH:11
end_of_record
TN:
SF:dist/src/domain/entity/DefaultFreightCalculator.js
FN:4,(anonymous_0)
FNF:1
FNH:1
FNDA:18,(anonymous_0)
DA:2,2
DA:5,18
DA:6,12
DA:7,6
DA:8,6
DA:9,6
DA:12,2
LF:7
LH:7
BRDA:5,0,0,12
BRDA:5,0,1,6
BRDA:5,1,0,18
BRDA:5,1,1,6
BRDA:5,1,2,6
BRDA:5,1,3,6
BRF:6
BRH:6
end_of_record
TN:
SF:dist/src/domain/entity/FixedFreightCalculator.js
FN:4,(anonymous_0)
FNF:1
FNH:1
FNDA:6,(anonymous_0)
DA:2,1
DA:5,6
DA:8,1
LF:3
LH:3
BRF:0
BRH:0
end_of_record
TN:
SF:dist/src/domain/entity/Item.js
FN:4,(anonymous_0)
FN:14,(anonymous_1)
FN:17,(anonymous_2)
FNF:3
FNH:3
FNDA:30,(anonymous_0)
FNDA:12,(anonymous_1)
FNDA:6,(anonymous_2)
DA:2,2
DA:5,30
DA:6,30
DA:7,30
DA:8,30
DA:9,30
DA:10,30
DA:11,30
DA:12,30
DA:15,12
DA:18,6
DA:21,2
LF:12
LH:12
BRDA:4,0,0,15
BRDA:4,1,0,15
BRDA:4,2,0,15
BRDA:4,3,0,15
BRF:4
BRH:4
end_of_record
TN:
SF:dist/src/domain/entity/Order.js
FN:2,(anonymous_0)
FN:11,(anonymous_1)
FN:19,(anonymous_2)
FN:23,(anonymous_3)
FN:28,(anonymous_4)
FN:31,(anonymous_5)
FNF:6
FNH:6
FNDA:8,(anonymous_0)
FNDA:10,(anonymous_1)
FNDA:24,(anonymous_2)
FNDA:3,(anonymous_3)
FNDA:8,(anonymous_4)
FNDA:6,(anonymous_5)
DA:2,2
DA:3,8
DA:5,2
DA:6,2
DA:7,2
DA:8,2
DA:9,2
DA:12,10
DA:13,10
DA:14,10
DA:15,9
DA:16,9
DA:17,9
DA:20,24
DA:21,24
DA:24,3
DA:25,1
DA:26,2
DA:29,8
DA:32,6
DA:33,6
DA:34,15
DA:36,6
DA:37,2
DA:39,6
DA:40,6
DA:43,2
LF:27
LH:27
BRDA:2,0,0,2
BRDA:2,0,1,2
BRDA:2,0,2,2
BRDA:3,1,0,8
BRDA:3,1,1,0
BRDA:3,2,0,8
BRDA:3,2,1,8
BRDA:11,3,0,4
BRDA:11,4,0,7
BRDA:11,5,0,10
BRDA:24,6,0,1
BRDA:24,6,1,2
BRDA:36,7,0,2
BRDA:36,7,1,4
BRF:14
BRH:13
end_of_record
TN:
SF:dist/src/domain/entity/OrderCode.js
FN:4,(anonymous_0)
FN:7,(anonymous_1)
FNF:2
FNH:2
FNDA:10,(anonymous_0)
FNDA:10,(anonymous_1)
DA:2,3
DA:5,10
DA:8,10
DA:9,10
DA:12,3
LF:5
LH:5
BRDA:7,0,0,0
BRF:1
BRH:0
end_of_record
TN:
SF:dist/src/domain/entity/OrderItem.js
FN:4,(anonymous_0)
FN:9,(anonymous_1)
FNF:2
FNH:2
FNDA:25,(anonymous_0)
FNDA:16,(anonymous_1)
DA:2,3
DA:5,25
DA:6,25
DA:7,25
DA:10,16
DA:13,3
LF:6
LH:6
BRF:0
BRH:0
end_of_record
TN:
SF:dist/src/infra/repository/memory/CouponRepositoryMemory.js
FN:2,(anonymous_0)
FN:8,(anonymous_1)
FN:13,(anonymous_2)
FN:14,(anonymous_3)
FNF:4
FNH:4
FNDA:1,(anonymous_0)
FNDA:2,(anonymous_1)
FNDA:1,(anonymous_2)
FNDA:1,(anonymous_3)
DA:2,1
DA:3,1
DA:5,1
DA:6,1
DA:9,2
DA:14,1
DA:17,1
LF:7
LH:7
BRDA:2,0,0,1
BRDA:2,0,1,1
BRDA:2,0,2,1
BRDA:3,1,0,1
BRDA:3,1,1,0
BRDA:3,2,0,1
BRDA:3,2,1,1
BRF:7
BRH:6
end_of_record
TN:
SF:dist/src/infra/repository/memory/ItemRepositoryMemory.js
FN:2,(anonymous_0)
FN:8,(anonymous_1)
FN:18,(anonymous_2)
FN:19,(anonymous_3)
FNF:4
FNH:4
FNDA:1,(anonymous_0)
FNDA:2,(anonymous_1)
FNDA:6,(anonymous_2)
FNDA:21,(anonymous_3)
DA:2,1
DA:3,1
DA:5,1
DA:6,1
DA:9,2
DA:19,21
DA:22,1
LF:7
LH:7
BRDA:2,0,0,1
BRDA:2,0,1,1
BRDA:2,0,2,1
BRDA:3,1,0,1
BRDA:3,1,1,0
BRDA:3,2,0,1
BRDA:3,2,1,1
BRF:7
BRH:6
end_of_record
TN:
SF:dist/src/infra/repository/memory/OrderRepositoryMemory.js
FN:4,(anonymous_0)
FN:7,(anonymous_1)
FNF:2
FNH:2
FNDA:2,(anonymous_0)
FNDA:2,(anonymous_1)
DA:2,1
DA:5,2
DA:8,2
DA:9,2
DA:12,1
LF:5
LH:5
BRF:0
BRH:0
end_of_record
